<?xml version="1.0" encoding="UTF-8"?>
<!-- Generated by org.testng.reporters.JUnitXMLReporter -->
<testsuite ignored="0" hostname="DESKTOP-561TT9T" failures="0" tests="3" name="Default test" time="34.437" errors="0" timestamp="2024-08-07T21:21:13 IST">
  <testcase classname="Guru99Testcases.guruDemoSiteTestCases" name="addCustomer" time="6.062"/>
  <testcase classname="Guru99Testcases.guruDemoSiteTestCases" name="addTariffPlan" time="6.05"/>
  <testcase classname="Guru99Testcases.guruDemoSiteTestCases" name="addTariffPlantoCustomer" time="6.29"/>
</testsuite> <!-- Default test -->
