<?xml version="1.0" encoding="UTF-8"?>
<!-- Generated by org.testng.reporters.JUnitXMLReporter -->
<testsuite ignored="0" hostname="DESKTOP-561TT9T" failures="0" tests="3" name="Test" time="20.042" errors="0" timestamp="2024-09-18T23:36:57 IST">
  <testcase classname="Guru99Testcases.guruDemoSiteTestCases" name="addCustomer" time="3.584"/>
  <testcase classname="Guru99Testcases.guruDemoSiteTestCases" name="addTariffPlan" time="2.538"/>
  <testcase classname="Guru99Testcases.guruDemoSiteTestCases" name="addTariffPlantoCustomer" time="2.6"/>
</testsuite> <!-- Test -->
