<?xml version="1.0" encoding="UTF-8"?>
<testng-results ignored="0" total="3" passed="3" failed="0" skipped="0">
  <reporter-output>
  </reporter-output>
  <suite started-at="2024-09-18T23:36:37 IST" name="Suite" finished-at="2024-09-18T23:36:57 IST" duration-ms="20042">
    <groups>
    </groups>
    <test started-at="2024-09-18T23:36:37 IST" name="Test" finished-at="2024-09-18T23:36:57 IST" duration-ms="20042">
      <class name="Guru99Testcases.guruDemoSiteTestCases">
        <test-method is-config="true" signature="browserSetup()[pri:0, instance:Guru99Testcases.guruDemoSiteTestCases@795cd85e]" started-at="2024-09-18T23:36:37 IST" name="browserSetup" finished-at="2024-09-18T23:36:43 IST" duration-ms="6019" status="PASS">
          <reporter-output>
          </reporter-output>
        </test-method> <!-- browserSetup -->
        <test-method signature="addCustomer()[pri:1, instance:Guru99Testcases.guruDemoSiteTestCases@795cd85e]" started-at="2024-09-18T23:36:43 IST" name="addCustomer" finished-at="2024-09-18T23:36:47 IST" duration-ms="3584" status="PASS">
          <reporter-output>
          </reporter-output>
        </test-method> <!-- addCustomer -->
        <test-method signature="addTariffPlan()[pri:2, instance:Guru99Testcases.guruDemoSiteTestCases@795cd85e]" started-at="2024-09-18T23:36:47 IST" name="addTariffPlan" finished-at="2024-09-18T23:36:49 IST" duration-ms="2538" status="PASS">
          <reporter-output>
          </reporter-output>
        </test-method> <!-- addTariffPlan -->
        <test-method signature="addTariffPlantoCustomer()[pri:3, instance:Guru99Testcases.guruDemoSiteTestCases@795cd85e]" started-at="2024-09-18T23:36:49 IST" name="addTariffPlantoCustomer" finished-at="2024-09-18T23:36:52 IST" duration-ms="2600" status="PASS">
          <reporter-output>
          </reporter-output>
        </test-method> <!-- addTariffPlantoCustomer -->
        <test-method is-config="true" signature="closetheBrowser()[pri:0, instance:Guru99Testcases.guruDemoSiteTestCases@795cd85e]" started-at="2024-09-18T23:36:52 IST" name="closetheBrowser" finished-at="2024-09-18T23:36:57 IST" duration-ms="5230" status="PASS">
          <reporter-output>
          </reporter-output>
        </test-method> <!-- closetheBrowser -->
      </class> <!-- Guru99Testcases.guruDemoSiteTestCases -->
    </test> <!-- Test -->
  </suite> <!-- Suite -->
</testng-results>
