<?xml version="1.0" encoding="UTF-8"?>
<testng-results ignored="0" total="3" passed="3" failed="0" skipped="0">
  <reporter-output>
  </reporter-output>
  <suite started-at="2024-08-07T21:20:39 IST" name="Default suite" finished-at="2024-08-07T21:21:13 IST" duration-ms="34437">
    <groups>
    </groups>
    <test started-at="2024-08-07T21:20:39 IST" name="Default test" finished-at="2024-08-07T21:21:13 IST" duration-ms="34437">
      <class name="Guru99Testcases.guruDemoSiteTestCases">
        <test-method is-config="true" signature="browserSetup()[pri:0, instance:Guru99Testcases.guruDemoSiteTestCases@5ffead27]" started-at="2024-08-07T21:20:39 IST" name="browserSetup" finished-at="2024-08-07T21:20:49 IST" duration-ms="10395" status="PASS">
          <reporter-output>
          </reporter-output>
        </test-method> <!-- browserSetup -->
        <test-method signature="addCustomer()[pri:1, instance:Guru99Testcases.guruDemoSiteTestCases@5ffead27]" started-at="2024-08-07T21:20:49 IST" name="addCustomer" finished-at="2024-08-07T21:20:55 IST" duration-ms="6062" status="PASS">
          <reporter-output>
          </reporter-output>
        </test-method> <!-- addCustomer -->
        <test-method signature="addTariffPlan()[pri:2, instance:Guru99Testcases.guruDemoSiteTestCases@5ffead27]" started-at="2024-08-07T21:20:55 IST" name="addTariffPlan" finished-at="2024-08-07T21:21:01 IST" duration-ms="6050" status="PASS">
          <reporter-output>
          </reporter-output>
        </test-method> <!-- addTariffPlan -->
        <test-method signature="addTariffPlantoCustomer()[pri:3, instance:Guru99Testcases.guruDemoSiteTestCases@5ffead27]" started-at="2024-08-07T21:21:01 IST" name="addTariffPlantoCustomer" finished-at="2024-08-07T21:21:08 IST" duration-ms="6290" status="PASS">
          <reporter-output>
          </reporter-output>
        </test-method> <!-- addTariffPlantoCustomer -->
        <test-method is-config="true" signature="closetheBrowser()[pri:0, instance:Guru99Testcases.guruDemoSiteTestCases@5ffead27]" started-at="2024-08-07T21:21:08 IST" name="closetheBrowser" finished-at="2024-08-07T21:21:13 IST" duration-ms="5462" status="PASS">
          <reporter-output>
          </reporter-output>
        </test-method> <!-- closetheBrowser -->
      </class> <!-- Guru99Testcases.guruDemoSiteTestCases -->
    </test> <!-- Default test -->
  </suite> <!-- Default suite -->
</testng-results>
